-------------------------------------------------------------------------------
Test set: com.practice.pay.later.service.repository.UserRepositoryTest
-------------------------------------------------------------------------------
Tests run: 3, Failures: 0, Errors: 3, Skipped: 0, Time elapsed: 1.917 s <<< FAILURE! - in com.practice.pay.later.service.repository.UserRepositoryTest
saveUser  Time elapsed: 0.001 s  <<< ERROR!
java.lang.IllegalStateException: Failed to load ApplicationContext
Caused by: org.springframework.beans.factory.UnsatisfiedDependencyException: Error creating bean with name 'debitTransactionController': Unsatisfied dependency expressed through field 'debitTransactionService'; nested exception is org.springframework.beans.factory.UnsatisfiedDependencyException: Error creating bean with name 'debitTransactionServiceImpl': Unsatisfied dependency expressed through field 'debitTransactionRepository'; nested exception is org.springframework.beans.factory.BeanCreationException: Error creating bean with name 'debitTransactionRepository' defined in com.practice.pay.later.service.repository.DebitTransactionRepository defined in @EnableJpaRepositories declared on JpaRepositoriesRegistrar.EnableJpaRepositoriesConfiguration: Invocation of init method failed; nested exception is org.springframework.data.repository.query.QueryCreationException: Could not create query for public abstract java.util.List com.practice.pay.later.service.repository.DebitTransactionRepository.findByAccountId(java.lang.Long)! Reason: Validation failed for query for method public abstract java.util.List com.practice.pay.later.service.repository.DebitTransactionRepository.findByAccountId(java.lang.Long)!; nested exception is java.lang.IllegalArgumentException: Validation failed for query for method public abstract java.util.List com.practice.pay.later.service.repository.DebitTransactionRepository.findByAccountId(java.lang.Long)!
Caused by: org.springframework.beans.factory.UnsatisfiedDependencyException: Error creating bean with name 'debitTransactionServiceImpl': Unsatisfied dependency expressed through field 'debitTransactionRepository'; nested exception is org.springframework.beans.factory.BeanCreationException: Error creating bean with name 'debitTransactionRepository' defined in com.practice.pay.later.service.repository.DebitTransactionRepository defined in @EnableJpaRepositories declared on JpaRepositoriesRegistrar.EnableJpaRepositoriesConfiguration: Invocation of init method failed; nested exception is org.springframework.data.repository.query.QueryCreationException: Could not create query for public abstract java.util.List com.practice.pay.later.service.repository.DebitTransactionRepository.findByAccountId(java.lang.Long)! Reason: Validation failed for query for method public abstract java.util.List com.practice.pay.later.service.repository.DebitTransactionRepository.findByAccountId(java.lang.Long)!; nested exception is java.lang.IllegalArgumentException: Validation failed for query for method public abstract java.util.List com.practice.pay.later.service.repository.DebitTransactionRepository.findByAccountId(java.lang.Long)!
Caused by: org.springframework.beans.factory.BeanCreationException: Error creating bean with name 'debitTransactionRepository' defined in com.practice.pay.later.service.repository.DebitTransactionRepository defined in @EnableJpaRepositories declared on JpaRepositoriesRegistrar.EnableJpaRepositoriesConfiguration: Invocation of init method failed; nested exception is org.springframework.data.repository.query.QueryCreationException: Could not create query for public abstract java.util.List com.practice.pay.later.service.repository.DebitTransactionRepository.findByAccountId(java.lang.Long)! Reason: Validation failed for query for method public abstract java.util.List com.practice.pay.later.service.repository.DebitTransactionRepository.findByAccountId(java.lang.Long)!; nested exception is java.lang.IllegalArgumentException: Validation failed for query for method public abstract java.util.List com.practice.pay.later.service.repository.DebitTransactionRepository.findByAccountId(java.lang.Long)!
Caused by: org.springframework.data.repository.query.QueryCreationException: Could not create query for public abstract java.util.List com.practice.pay.later.service.repository.DebitTransactionRepository.findByAccountId(java.lang.Long)! Reason: Validation failed for query for method public abstract java.util.List com.practice.pay.later.service.repository.DebitTransactionRepository.findByAccountId(java.lang.Long)!; nested exception is java.lang.IllegalArgumentException: Validation failed for query for method public abstract java.util.List com.practice.pay.later.service.repository.DebitTransactionRepository.findByAccountId(java.lang.Long)!
Caused by: java.lang.IllegalArgumentException: Validation failed for query for method public abstract java.util.List com.practice.pay.later.service.repository.DebitTransactionRepository.findByAccountId(java.lang.Long)!
Caused by: java.lang.IllegalArgumentException: org.hibernate.QueryException: could not resolve property: accountId of: com.practice.pay.later.service.model.DebitTransaction [SELECT s from com.practice.pay.later.service.model.DebitTransaction s WHERE s.accountId = ?1]
Caused by: org.hibernate.QueryException: could not resolve property: accountId of: com.practice.pay.later.service.model.DebitTransaction [SELECT s from com.practice.pay.later.service.model.DebitTransaction s WHERE s.accountId = ?1]
Caused by: org.hibernate.QueryException: could not resolve property: accountId of: com.practice.pay.later.service.model.DebitTransaction

printAllUser  Time elapsed: 0 s  <<< ERROR!
java.lang.IllegalStateException: Failed to load ApplicationContext
Caused by: org.springframework.beans.factory.UnsatisfiedDependencyException: Error creating bean with name 'debitTransactionController': Unsatisfied dependency expressed through field 'debitTransactionService'; nested exception is org.springframework.beans.factory.UnsatisfiedDependencyException: Error creating bean with name 'debitTransactionServiceImpl': Unsatisfied dependency expressed through field 'debitTransactionRepository'; nested exception is org.springframework.beans.factory.BeanCreationException: Error creating bean with name 'debitTransactionRepository' defined in com.practice.pay.later.service.repository.DebitTransactionRepository defined in @EnableJpaRepositories declared on JpaRepositoriesRegistrar.EnableJpaRepositoriesConfiguration: Invocation of init method failed; nested exception is org.springframework.data.repository.query.QueryCreationException: Could not create query for public abstract java.util.List com.practice.pay.later.service.repository.DebitTransactionRepository.findByAccountId(java.lang.Long)! Reason: Validation failed for query for method public abstract java.util.List com.practice.pay.later.service.repository.DebitTransactionRepository.findByAccountId(java.lang.Long)!; nested exception is java.lang.IllegalArgumentException: Validation failed for query for method public abstract java.util.List com.practice.pay.later.service.repository.DebitTransactionRepository.findByAccountId(java.lang.Long)!
Caused by: org.springframework.beans.factory.UnsatisfiedDependencyException: Error creating bean with name 'debitTransactionServiceImpl': Unsatisfied dependency expressed through field 'debitTransactionRepository'; nested exception is org.springframework.beans.factory.BeanCreationException: Error creating bean with name 'debitTransactionRepository' defined in com.practice.pay.later.service.repository.DebitTransactionRepository defined in @EnableJpaRepositories declared on JpaRepositoriesRegistrar.EnableJpaRepositoriesConfiguration: Invocation of init method failed; nested exception is org.springframework.data.repository.query.QueryCreationException: Could not create query for public abstract java.util.List com.practice.pay.later.service.repository.DebitTransactionRepository.findByAccountId(java.lang.Long)! Reason: Validation failed for query for method public abstract java.util.List com.practice.pay.later.service.repository.DebitTransactionRepository.findByAccountId(java.lang.Long)!; nested exception is java.lang.IllegalArgumentException: Validation failed for query for method public abstract java.util.List com.practice.pay.later.service.repository.DebitTransactionRepository.findByAccountId(java.lang.Long)!
Caused by: org.springframework.beans.factory.BeanCreationException: Error creating bean with name 'debitTransactionRepository' defined in com.practice.pay.later.service.repository.DebitTransactionRepository defined in @EnableJpaRepositories declared on JpaRepositoriesRegistrar.EnableJpaRepositoriesConfiguration: Invocation of init method failed; nested exception is org.springframework.data.repository.query.QueryCreationException: Could not create query for public abstract java.util.List com.practice.pay.later.service.repository.DebitTransactionRepository.findByAccountId(java.lang.Long)! Reason: Validation failed for query for method public abstract java.util.List com.practice.pay.later.service.repository.DebitTransactionRepository.findByAccountId(java.lang.Long)!; nested exception is java.lang.IllegalArgumentException: Validation failed for query for method public abstract java.util.List com.practice.pay.later.service.repository.DebitTransactionRepository.findByAccountId(java.lang.Long)!
Caused by: org.springframework.data.repository.query.QueryCreationException: Could not create query for public abstract java.util.List com.practice.pay.later.service.repository.DebitTransactionRepository.findByAccountId(java.lang.Long)! Reason: Validation failed for query for method public abstract java.util.List com.practice.pay.later.service.repository.DebitTransactionRepository.findByAccountId(java.lang.Long)!; nested exception is java.lang.IllegalArgumentException: Validation failed for query for method public abstract java.util.List com.practice.pay.later.service.repository.DebitTransactionRepository.findByAccountId(java.lang.Long)!
Caused by: java.lang.IllegalArgumentException: Validation failed for query for method public abstract java.util.List com.practice.pay.later.service.repository.DebitTransactionRepository.findByAccountId(java.lang.Long)!
Caused by: java.lang.IllegalArgumentException: org.hibernate.QueryException: could not resolve property: accountId of: com.practice.pay.later.service.model.DebitTransaction [SELECT s from com.practice.pay.later.service.model.DebitTransaction s WHERE s.accountId = ?1]
Caused by: org.hibernate.QueryException: could not resolve property: accountId of: com.practice.pay.later.service.model.DebitTransaction [SELECT s from com.practice.pay.later.service.model.DebitTransaction s WHERE s.accountId = ?1]
Caused by: org.hibernate.QueryException: could not resolve property: accountId of: com.practice.pay.later.service.model.DebitTransaction

getUserById  Time elapsed: 0 s  <<< ERROR!
java.lang.IllegalStateException: Failed to load ApplicationContext
Caused by: org.springframework.beans.factory.UnsatisfiedDependencyException: Error creating bean with name 'debitTransactionController': Unsatisfied dependency expressed through field 'debitTransactionService'; nested exception is org.springframework.beans.factory.UnsatisfiedDependencyException: Error creating bean with name 'debitTransactionServiceImpl': Unsatisfied dependency expressed through field 'debitTransactionRepository'; nested exception is org.springframework.beans.factory.BeanCreationException: Error creating bean with name 'debitTransactionRepository' defined in com.practice.pay.later.service.repository.DebitTransactionRepository defined in @EnableJpaRepositories declared on JpaRepositoriesRegistrar.EnableJpaRepositoriesConfiguration: Invocation of init method failed; nested exception is org.springframework.data.repository.query.QueryCreationException: Could not create query for public abstract java.util.List com.practice.pay.later.service.repository.DebitTransactionRepository.findByAccountId(java.lang.Long)! Reason: Validation failed for query for method public abstract java.util.List com.practice.pay.later.service.repository.DebitTransactionRepository.findByAccountId(java.lang.Long)!; nested exception is java.lang.IllegalArgumentException: Validation failed for query for method public abstract java.util.List com.practice.pay.later.service.repository.DebitTransactionRepository.findByAccountId(java.lang.Long)!
Caused by: org.springframework.beans.factory.UnsatisfiedDependencyException: Error creating bean with name 'debitTransactionServiceImpl': Unsatisfied dependency expressed through field 'debitTransactionRepository'; nested exception is org.springframework.beans.factory.BeanCreationException: Error creating bean with name 'debitTransactionRepository' defined in com.practice.pay.later.service.repository.DebitTransactionRepository defined in @EnableJpaRepositories declared on JpaRepositoriesRegistrar.EnableJpaRepositoriesConfiguration: Invocation of init method failed; nested exception is org.springframework.data.repository.query.QueryCreationException: Could not create query for public abstract java.util.List com.practice.pay.later.service.repository.DebitTransactionRepository.findByAccountId(java.lang.Long)! Reason: Validation failed for query for method public abstract java.util.List com.practice.pay.later.service.repository.DebitTransactionRepository.findByAccountId(java.lang.Long)!; nested exception is java.lang.IllegalArgumentException: Validation failed for query for method public abstract java.util.List com.practice.pay.later.service.repository.DebitTransactionRepository.findByAccountId(java.lang.Long)!
Caused by: org.springframework.beans.factory.BeanCreationException: Error creating bean with name 'debitTransactionRepository' defined in com.practice.pay.later.service.repository.DebitTransactionRepository defined in @EnableJpaRepositories declared on JpaRepositoriesRegistrar.EnableJpaRepositoriesConfiguration: Invocation of init method failed; nested exception is org.springframework.data.repository.query.QueryCreationException: Could not create query for public abstract java.util.List com.practice.pay.later.service.repository.DebitTransactionRepository.findByAccountId(java.lang.Long)! Reason: Validation failed for query for method public abstract java.util.List com.practice.pay.later.service.repository.DebitTransactionRepository.findByAccountId(java.lang.Long)!; nested exception is java.lang.IllegalArgumentException: Validation failed for query for method public abstract java.util.List com.practice.pay.later.service.repository.DebitTransactionRepository.findByAccountId(java.lang.Long)!
Caused by: org.springframework.data.repository.query.QueryCreationException: Could not create query for public abstract java.util.List com.practice.pay.later.service.repository.DebitTransactionRepository.findByAccountId(java.lang.Long)! Reason: Validation failed for query for method public abstract java.util.List com.practice.pay.later.service.repository.DebitTransactionRepository.findByAccountId(java.lang.Long)!; nested exception is java.lang.IllegalArgumentException: Validation failed for query for method public abstract java.util.List com.practice.pay.later.service.repository.DebitTransactionRepository.findByAccountId(java.lang.Long)!
Caused by: java.lang.IllegalArgumentException: Validation failed for query for method public abstract java.util.List com.practice.pay.later.service.repository.DebitTransactionRepository.findByAccountId(java.lang.Long)!
Caused by: java.lang.IllegalArgumentException: org.hibernate.QueryException: could not resolve property: accountId of: com.practice.pay.later.service.model.DebitTransaction [SELECT s from com.practice.pay.later.service.model.DebitTransaction s WHERE s.accountId = ?1]
Caused by: org.hibernate.QueryException: could not resolve property: accountId of: com.practice.pay.later.service.model.DebitTransaction [SELECT s from com.practice.pay.later.service.model.DebitTransaction s WHERE s.accountId = ?1]
Caused by: org.hibernate.QueryException: could not resolve property: accountId of: com.practice.pay.later.service.model.DebitTransaction

